<?xml version="1.0" encoding="UTF-8"?>
<!-- Generated by org.testng.reporters.JUnitReportReporter -->
<testsuite skipped="0" hostname="villa-mbp.lan" name="TestNg.NewTest" tests="2" failures="0" timestamp="2019-12-24T09:24:50 PST" time="12.020" errors="0">
  <testcase name="f" time="5.312" classname="TestNg.NewTest"/>
  <testcase name="f" time="6.708" classname="TestNg.NewTest"/>
</testsuite> <!-- TestNg.NewTest -->
